{"level":"info","msg":"Filtering namespaces based on the following regex:.*","time":"2020-06-10T04:24:39Z"}
{"level":"info","msg":"Namespace default Matched=true","time":"2020-06-10T04:24:39Z"}
{"level":"info","msg":"Namespace kube-node-lease Matched=true","time":"2020-06-10T04:24:39Z"}
{"level":"info","msg":"Namespace kube-public Matched=true","time":"2020-06-10T04:24:39Z"}
{"level":"info","msg":"Namespace kube-system Matched=true","time":"2020-06-10T04:24:39Z"}
{"level":"info","msg":"Namespace local-path-storage Matched=true","time":"2020-06-10T04:24:39Z"}
{"level":"info","msg":"Namespace sonobuoy Matched=true","time":"2020-06-10T04:24:39Z"}
{"level":"info","msg":"Starting server Expected Results: [{global arc-onboarding}]","time":"2020-06-10T04:24:39Z"}
{"level":"info","msg":"Starting annotation update routine","time":"2020-06-10T04:24:39Z"}
{"address":"0.0.0.0","level":"info","msg":"Starting aggregation server","port":8080,"time":"2020-06-10T04:24:39Z"}
{"level":"info","msg":"Running plugin","plugin":"arc-onboarding","time":"2020-06-10T04:24:39Z"}
{"client_cert":"arc-onboarding","level":"info","msg":"received aggregator request","plugin_name":"arc-onboarding","time":"2020-06-10T04:26:13Z"}
{"level":"info","msg":"Last update to annotations on exit","time":"2020-06-10T04:26:13Z"}
{"level":"info","msg":"Shutting down aggregation server","time":"2020-06-10T04:26:13Z"}
{"level":"info","msg":"runtimeclasses not specified in non-nil Resources. Skipping runtimeclasses query.","time":"2020-06-10T04:26:14Z"}
{"level":"info","msg":"csidrivers not specified in non-nil Resources. Skipping csidrivers query.","time":"2020-06-10T04:26:14Z"}
{"level":"info","msg":"csinodes not specified in non-nil Resources. Skipping csinodes query.","time":"2020-06-10T04:26:14Z"}
{"level":"info","msg":"connectedclusters not specified in non-nil Resources. Skipping connectedclusters query.","time":"2020-06-10T04:26:14Z"}
{"level":"info","msg":"secrets not specified in non-nil Resources. Skipping secrets query.","time":"2020-06-10T04:26:14Z"}
{"level":"info","msg":"events not specified in non-nil Resources. Skipping events query.","time":"2020-06-10T04:26:14Z"}
{"level":"info","msg":"horizontalpodautoscalers not specified in non-nil Resources. Skipping horizontalpodautoscalers query.","time":"2020-06-10T04:26:14Z"}
{"level":"info","msg":"azureclusteridentityrequests not specified in non-nil Resources. Skipping azureclusteridentityrequests query.","time":"2020-06-10T04:26:14Z"}
{"level":"info","msg":"gitconfigs not specified in non-nil Resources. Skipping gitconfigs query.","time":"2020-06-10T04:26:14Z"}
{"level":"info","msg":"endpointslices not specified in non-nil Resources. Skipping endpointslices query.","time":"2020-06-10T04:26:14Z"}
{"level":"info","msg":"Collecting Node Configuration and Health...","time":"2020-06-10T04:26:14Z"}
{"level":"info","msg":"Creating host results for kind-control-plane under /tmp/sonobuoy/5b147e61-caf1-4178-bebf-3aaa1c6adf61/hosts/kind-control-plane\n","time":"2020-06-10T04:26:14Z"}
{"level":"info","msg":"Running cluster queries","time":"2020-06-10T04:26:14Z"}
{"level":"info","msg":"Running ns query (default)","time":"2020-06-10T04:26:14Z"}
{"level":"info","msg":"Running ns query (kube-node-lease)","time":"2020-06-10T04:26:14Z"}
{"level":"info","msg":"Running ns query (kube-public)","time":"2020-06-10T04:26:14Z"}
{"level":"info","msg":"Running ns query (kube-system)","time":"2020-06-10T04:26:15Z"}
{"level":"info","msg":"Running ns query (local-path-storage)","time":"2020-06-10T04:26:16Z"}
{"level":"info","msg":"Running ns query (sonobuoy)","time":"2020-06-10T04:26:16Z"}
{"level":"info","msg":"Namespace azure-arc Matched=false","time":"2020-06-10T04:26:17Z"}
{"level":"info","msg":"Namespace default Matched=false","time":"2020-06-10T04:26:17Z"}
{"level":"info","msg":"Namespace kube-node-lease Matched=false","time":"2020-06-10T04:26:17Z"}
{"level":"info","msg":"Namespace kube-public Matched=false","time":"2020-06-10T04:26:17Z"}
{"level":"info","msg":"Namespace kube-system Matched=false","time":"2020-06-10T04:26:17Z"}
{"level":"info","msg":"Namespace local-path-storage Matched=false","time":"2020-06-10T04:26:17Z"}
{"level":"info","msg":"Namespace sonobuoy Matched=true","time":"2020-06-10T04:26:17Z"}
{"level":"info","msg":"Collecting Pod Logs by namespace (sonobuoy)","time":"2020-06-10T04:26:17Z"}
{"level":"info","msg":"Collecting Pod Logs by FieldSelectors []","time":"2020-06-10T04:26:17Z"}
{"level":"info","msg":"Log lines after this point will not appear in the downloaded tarball.","time":"2020-06-10T04:26:17Z"}
