{"level":"info","msg":"Filtering namespaces based on the following regex:.*","time":"2020-06-17T20:28:59Z"}
{"level":"info","msg":"Namespace azure-arc Matched=true","time":"2020-06-17T20:28:59Z"}
{"level":"info","msg":"Namespace default Matched=true","time":"2020-06-17T20:28:59Z"}
{"level":"info","msg":"Namespace kube-node-lease Matched=true","time":"2020-06-17T20:28:59Z"}
{"level":"info","msg":"Namespace kube-public Matched=true","time":"2020-06-17T20:28:59Z"}
{"level":"info","msg":"Namespace kube-system Matched=true","time":"2020-06-17T20:28:59Z"}
{"level":"info","msg":"Namespace sonobuoy Matched=true","time":"2020-06-17T20:28:59Z"}
{"level":"info","msg":"Starting server Expected Results: [{global check-connected-cluster}]","time":"2020-06-17T20:28:59Z"}
{"level":"info","msg":"Starting annotation update routine","time":"2020-06-17T20:28:59Z"}
{"address":"0.0.0.0","level":"info","msg":"Starting aggregation server","port":8080,"time":"2020-06-17T20:28:59Z"}
{"level":"info","msg":"Running plugin","plugin":"check-connected-cluster","time":"2020-06-17T20:28:59Z"}
{"client_cert":"check-connected-cluster","level":"info","msg":"received aggregator request","plugin_name":"check-connected-cluster","time":"2020-06-17T20:29:03Z"}
{"level":"info","msg":"Last update to annotations on exit","time":"2020-06-17T20:29:03Z"}
{"level":"info","msg":"Shutting down aggregation server","time":"2020-06-17T20:29:03Z"}
{"level":"info","msg":"csidrivers not specified in non-nil Resources. Skipping csidrivers query.","time":"2020-06-17T20:29:03Z"}
{"level":"info","msg":"csinodes not specified in non-nil Resources. Skipping csinodes query.","time":"2020-06-17T20:29:03Z"}
{"level":"info","msg":"ingressclasses not specified in non-nil Resources. Skipping ingressclasses query.","time":"2020-06-17T20:29:03Z"}
{"level":"info","msg":"runtimeclasses not specified in non-nil Resources. Skipping runtimeclasses query.","time":"2020-06-17T20:29:03Z"}
{"level":"info","msg":"healthstates not specified in non-nil Resources. Skipping healthstates query.","time":"2020-06-17T20:29:03Z"}
{"level":"info","msg":"endpointslices not specified in non-nil Resources. Skipping endpointslices query.","time":"2020-06-17T20:29:03Z"}
{"level":"info","msg":"connectedclusters not specified in non-nil Resources. Skipping connectedclusters query.","time":"2020-06-17T20:29:03Z"}
{"level":"info","msg":"horizontalpodautoscalers not specified in non-nil Resources. Skipping horizontalpodautoscalers query.","time":"2020-06-17T20:29:03Z"}
{"level":"info","msg":"gitconfigs not specified in non-nil Resources. Skipping gitconfigs query.","time":"2020-06-17T20:29:03Z"}
{"level":"info","msg":"azureclusteridentityrequests not specified in non-nil Resources. Skipping azureclusteridentityrequests query.","time":"2020-06-17T20:29:03Z"}
{"level":"info","msg":"secrets not specified in non-nil Resources. Skipping secrets query.","time":"2020-06-17T20:29:03Z"}
{"level":"info","msg":"events not specified in non-nil Resources. Skipping events query.","time":"2020-06-17T20:29:03Z"}
{"level":"info","msg":"Collecting Node Configuration and Health...","time":"2020-06-17T20:29:03Z"}
{"level":"info","msg":"Creating host results for aks-agentpool-46279537-vmss000000 under /tmp/sonobuoy/cfff653f-c9e9-47af-88fd-e931dbe6e08c/hosts/aks-agentpool-46279537-vmss000000\n","time":"2020-06-17T20:29:03Z"}
{"level":"info","msg":"Running cluster queries","time":"2020-06-17T20:29:03Z"}
{"level":"info","msg":"Running ns query (azure-arc)","time":"2020-06-17T20:29:04Z"}
{"level":"info","msg":"Running ns query (default)","time":"2020-06-17T20:29:04Z"}
{"level":"info","msg":"Running ns query (kube-node-lease)","time":"2020-06-17T20:29:04Z"}
{"level":"info","msg":"Running ns query (kube-public)","time":"2020-06-17T20:29:05Z"}
{"level":"info","msg":"Running ns query (kube-system)","time":"2020-06-17T20:29:05Z"}
{"level":"info","msg":"Running ns query (sonobuoy)","time":"2020-06-17T20:29:06Z"}
{"level":"info","msg":"Namespace azure-arc Matched=false","time":"2020-06-17T20:29:07Z"}
{"level":"info","msg":"Namespace default Matched=false","time":"2020-06-17T20:29:07Z"}
{"level":"info","msg":"Namespace kube-node-lease Matched=false","time":"2020-06-17T20:29:07Z"}
{"level":"info","msg":"Namespace kube-public Matched=false","time":"2020-06-17T20:29:07Z"}
{"level":"info","msg":"Namespace kube-system Matched=false","time":"2020-06-17T20:29:07Z"}
{"level":"info","msg":"Namespace sonobuoy Matched=true","time":"2020-06-17T20:29:07Z"}
{"level":"info","msg":"Collecting Pod Logs by namespace (sonobuoy)","time":"2020-06-17T20:29:07Z"}
{"level":"info","msg":"Collecting Pod Logs by FieldSelectors []","time":"2020-06-17T20:29:07Z"}
{"level":"info","msg":"Log lines after this point will not appear in the downloaded tarball.","time":"2020-06-17T20:29:07Z"}
